
2023/06/27 (13:12:50) | ===> btop++ v.1.2.13
2023/06/27 (13:12:50) | INFO: Logger set to INFO
2023/06/27 (13:13:30) | INFO: Quitting! Runtime: 00:02:10

2023/06/27 (15:02:22) | ===> btop++ v.1.2.13
2023/06/27 (15:02:22) | INFO: Logger set to INFO
2023/06/27 (15:02:22) | INFO: Running on /dev/ttys000
2023/06/27 (15:04:08) | INFO: Quitting! Runtime: 00:01:46

2023/06/27 (15:04:09) | ===> btop++ v.1.2.13
2023/06/27 (15:04:09) | INFO: Logger set to INFO
2023/06/27 (15:04:09) | INFO: Running on /dev/ttys000
2023/06/27 (15:05:43) | INFO: Logger set to DEBUG
2023/06/27 (15:05:45) | INFO: Logger set to INFO
2023/06/27 (15:05:45) | INFO: Logger set to DEBUG
2023/06/27 (15:05:46) | INFO: Logger set to INFO

2023/06/27 (15:52:49) | ===> btop++ v.1.2.13
2023/06/27 (15:52:49) | INFO: Logger set to INFO
2023/06/27 (15:52:49) | INFO: Running on /dev/ttys000
2023/06/27 (15:57:06) | INFO: Quitting! Runtime: 00:04:17

2023/06/27 (15:57:08) | ===> btop++ v.1.2.13
2023/06/27 (15:57:08) | INFO: Logger set to INFO
2023/06/27 (15:57:08) | INFO: Running on /dev/ttys000
2023/06/27 (15:57:10) | INFO: Quitting! Runtime: 00:00:02

2023/06/27 (15:57:25) | ===> btop++ v.1.2.13
2023/06/27 (15:57:25) | INFO: Logger set to INFO
2023/06/27 (15:57:25) | INFO: Running on /dev/ttys000
2023/06/27 (15:58:19) | INFO: Quitting! Runtime: 00:00:54

2023/06/27 (19:06:13) | ===> btop++ v.1.2.13
2023/06/27 (19:06:13) | INFO: Logger set to INFO
2023/06/27 (19:06:13) | INFO: Running on /dev/ttys000
2023/06/27 (19:11:58) | INFO: Quitting! Runtime: 00:05:45

2023/06/28 (00:11:27) | ===> btop++ v.1.2.13
2023/06/28 (00:11:27) | INFO: Logger set to INFO
2023/06/28 (00:11:27) | INFO: Running on /dev/ttys000
2023/06/28 (00:11:51) | INFO: Quitting! Runtime: 00:00:24

2023/06/28 (02:15:39) | ===> btop++ v.1.2.13
2023/06/28 (02:15:39) | INFO: Logger set to INFO
2023/06/28 (02:15:39) | INFO: Running on /dev/ttys002
2023/06/28 (02:16:53) | INFO: Quitting! Runtime: 00:01:14

2023/06/28 (02:16:54) | ===> btop++ v.1.2.13
2023/06/28 (02:16:54) | INFO: Logger set to INFO
2023/06/28 (02:16:54) | INFO: Running on /dev/ttys002
2023/06/28 (02:17:28) | INFO: Quitting! Runtime: 00:00:34

2023/06/28 (14:43:04) | ===> btop++ v.1.2.13
2023/06/28 (14:43:04) | INFO: Logger set to INFO
2023/06/28 (14:43:04) | INFO: Running on /dev/ttys000
2023/06/28 (14:45:24) | INFO: Quitting! Runtime: 00:02:20

2023/06/29 (00:41:03) | ===> btop++ v.1.2.13
2023/06/29 (00:41:03) | INFO: Logger set to INFO
2023/06/29 (00:41:03) | INFO: Running on /dev/ttys000
2023/06/29 (00:42:05) | INFO: Quitting! Runtime: 00:01:02

2023/06/29 (01:13:15) | ===> btop++ v.1.2.13
2023/06/29 (01:13:15) | INFO: Logger set to INFO
2023/06/29 (01:13:15) | INFO: Running on /dev/ttys000
2023/06/29 (01:13:52) | INFO: Quitting! Runtime: 00:00:37

2023/06/30 (19:27:17) | ===> btop++ v.1.2.13
2023/06/30 (19:27:17) | INFO: Logger set to INFO
2023/06/30 (19:27:17) | INFO: Running on /dev/ttys003

2023/07/02 (23:20:11) | ===> btop++ v.1.2.13
2023/07/02 (23:20:11) | INFO: Logger set to INFO
2023/07/02 (23:20:11) | INFO: Running on /dev/ttys004

2023/07/02 (23:23:15) | ===> btop++ v.1.2.13
2023/07/02 (23:23:15) | INFO: Logger set to INFO
2023/07/02 (23:23:15) | INFO: Running on /dev/ttys004
2023/07/02 (23:23:42) | INFO: Quitting! Runtime: 00:00:27

2023/07/02 (23:41:34) | ===> btop++ v.1.2.13
2023/07/02 (23:41:34) | INFO: Logger set to INFO
2023/07/02 (23:41:34) | INFO: Running on /dev/ttys004
2023/07/02 (23:41:48) | INFO: Quitting! Runtime: 00:00:14

2023/07/03 (14:52:42) | ===> btop++ v.1.2.13
2023/07/03 (14:52:42) | INFO: Logger set to INFO
2023/07/03 (14:52:42) | INFO: Running on /dev/ttys000
2023/07/03 (14:54:26) | INFO: Quitting! Runtime: 00:01:44

2023/07/03 (17:04:16) | ===> btop++ v.1.2.13
2023/07/03 (17:04:16) | INFO: Logger set to INFO
2023/07/03 (17:04:16) | INFO: Running on /dev/ttys004

2023/07/04 (13:26:29) | ===> btop++ v.1.2.13
2023/07/04 (13:26:29) | INFO: Logger set to INFO
2023/07/04 (13:26:29) | INFO: Running on /dev/ttys000
2023/07/04 (13:26:57) | INFO: Quitting! Runtime: 00:00:28

2023/07/04 (15:43:40) | ===> btop++ v.1.2.13
2023/07/04 (15:43:40) | INFO: Logger set to INFO
2023/07/04 (15:43:40) | INFO: Running on /dev/ttys000
2023/07/04 (15:44:05) | INFO: Quitting! Runtime: 00:00:25

2023/07/04 (15:45:36) | ===> btop++ v.1.2.13
2023/07/04 (15:45:36) | INFO: Logger set to INFO
2023/07/04 (15:45:36) | INFO: Running on /dev/ttys000
2023/07/04 (17:06:07) | INFO: Quitting! Runtime: 01:20:31

2023/07/05 (00:50:58) | ===> btop++ v.1.2.13
2023/07/05 (00:50:58) | INFO: Logger set to INFO
2023/07/05 (00:50:58) | INFO: Running on /dev/ttys000
2023/07/05 (00:51:34) | INFO: Quitting! Runtime: 00:00:36

2023/07/05 (01:28:09) | ===> btop++ v.1.2.13
2023/07/05 (01:28:09) | INFO: Logger set to INFO
2023/07/05 (01:28:09) | INFO: Running on /dev/ttys000
2023/07/05 (01:28:48) | INFO: Quitting! Runtime: 00:00:39

2023/07/08 (00:18:20) | ===> btop++ v.1.2.13
2023/07/08 (00:18:20) | INFO: Logger set to INFO
2023/07/08 (00:18:20) | INFO: Running on /dev/ttys000
2023/07/08 (00:18:44) | INFO: Quitting! Runtime: 00:00:24

2023/07/10 (15:55:37) | ===> btop++ v.1.2.13
2023/07/10 (15:55:37) | INFO: Logger set to INFO
2023/07/10 (15:55:37) | INFO: Running on /dev/ttys005

2023/07/10 (15:59:08) | ===> btop++ v.1.2.13
2023/07/10 (15:59:08) | INFO: Logger set to INFO
2023/07/10 (15:59:08) | INFO: Running on /dev/ttys003
2023/07/10 (16:01:44) | INFO: Quitting! Runtime: 00:02:36

2023/07/10 (16:30:08) | ===> btop++ v.1.2.13
2023/07/10 (16:30:08) | INFO: Logger set to INFO
2023/07/10 (16:30:08) | INFO: Running on /dev/ttys003
2023/07/10 (16:44:18) | INFO: Quitting! Runtime: 00:14:10

2023/07/10 (16:46:13) | ===> btop++ v.1.2.13
2023/07/10 (16:46:13) | INFO: Logger set to INFO
2023/07/10 (16:46:13) | INFO: Running on /dev/ttys005
2023/07/10 (19:48:11) | INFO: Quitting! Runtime: 03:01:58

2023/07/10 (19:51:34) | ===> btop++ v.1.2.13
2023/07/10 (19:51:34) | INFO: Logger set to INFO
2023/07/10 (19:51:34) | INFO: Running on /dev/ttys005
2023/07/10 (19:53:34) | INFO: Quitting! Runtime: 00:02:00

2023/07/10 (22:25:51) | ===> btop++ v.1.2.13
2023/07/10 (22:25:51) | INFO: Logger set to INFO
2023/07/10 (22:25:51) | INFO: Running on /dev/ttys005
2023/07/11 (01:47:29) | INFO: Quitting! Runtime: 03:21:38

2023/07/11 (13:55:29) | ===> btop++ v.1.2.13
2023/07/11 (13:55:29) | INFO: Logger set to INFO
2023/07/11 (13:55:29) | INFO: Running on /dev/ttys005
2023/07/11 (13:55:51) | INFO: Quitting! Runtime: 00:00:22

2023/07/11 (19:50:05) | ===> btop++ v.1.2.13
2023/07/11 (19:50:05) | INFO: Logger set to INFO
2023/07/11 (19:50:05) | INFO: Running on /dev/ttys003
2023/07/11 (19:51:33) | INFO: Quitting! Runtime: 00:01:28

2023/07/14 (01:30:01) | ===> btop++ v.1.2.13
2023/07/14 (01:30:01) | INFO: Logger set to INFO
2023/07/14 (01:30:01) | INFO: Running on /dev/ttys000
2023/07/14 (01:30:08) | INFO: Quitting! Runtime: 00:00:07

2023/07/14 (01:30:28) | ===> btop++ v.1.2.13
2023/07/14 (01:30:28) | INFO: Logger set to INFO
2023/07/14 (01:30:28) | INFO: Running on /dev/ttys000
2023/07/14 (01:31:57) | INFO: Quitting! Runtime: 00:01:29

2023/07/15 (00:41:44) | ===> btop++ v.1.2.13
2023/07/15 (00:41:44) | INFO: Logger set to INFO
2023/07/15 (00:41:44) | INFO: Running on /dev/ttys000
2023/07/15 (00:42:02) | INFO: Quitting! Runtime: 00:00:18

2023/07/19 (00:57:15) | ===> btop++ v.1.2.13
2023/07/19 (00:57:15) | INFO: Logger set to INFO
2023/07/19 (00:57:15) | INFO: Running on /dev/ttys005
2023/07/19 (01:06:17) | INFO: Quitting! Runtime: 00:09:02

2023/07/19 (13:13:44) | ===> btop++ v.1.2.13
2023/07/19 (13:13:44) | INFO: Logger set to INFO
2023/07/19 (13:13:44) | INFO: Running on /dev/ttys005
2023/07/19 (13:14:24) | INFO: Quitting! Runtime: 00:00:40

2023/07/19 (13:17:16) | ===> btop++ v.1.2.13
2023/07/19 (13:17:16) | INFO: Logger set to INFO
2023/07/19 (13:17:16) | INFO: Running on /dev/ttys005
2023/07/19 (20:28:41) | INFO: Quitting! Runtime: 07:11:25

2023/07/20 (01:48:24) | ===> btop++ v.1.2.13
2023/07/20 (01:48:24) | INFO: Logger set to INFO
2023/07/20 (01:48:24) | INFO: Running on /dev/ttys000
2023/07/20 (01:49:42) | INFO: Quitting! Runtime: 00:01:18

2023/07/20 (18:34:58) | ===> btop++ v.1.2.13
2023/07/20 (18:34:58) | INFO: Logger set to INFO
2023/07/20 (18:34:58) | INFO: Running on /dev/ttys000
2023/07/20 (18:37:25) | INFO: Quitting! Runtime: 00:02:27

2023/07/20 (21:44:32) | ===> btop++ v.1.2.13
2023/07/20 (21:44:32) | INFO: Logger set to INFO
2023/07/20 (21:44:32) | INFO: Running on /dev/ttys004
2023/07/20 (21:45:09) | INFO: Quitting! Runtime: 00:00:37

2023/07/20 (21:45:22) | ===> btop++ v.1.2.13
2023/07/20 (21:45:22) | INFO: Logger set to INFO
2023/07/20 (21:45:22) | INFO: Running on /dev/ttys004
2023/07/20 (21:45:28) | INFO: Quitting! Runtime: 00:00:06

2023/07/23 (14:28:38) | ===> btop++ v.1.2.13
2023/07/23 (14:28:38) | INFO: Logger set to INFO
2023/07/23 (14:28:38) | INFO: Running on /dev/ttys004
2023/07/23 (14:29:19) | INFO: Quitting! Runtime: 00:00:41

2023/07/23 (14:32:26) | ===> btop++ v.1.2.13
2023/07/23 (14:32:26) | INFO: Logger set to INFO
2023/07/23 (14:32:26) | INFO: Running on /dev/ttys001
2023/07/23 (14:41:03) | INFO: Quitting! Runtime: 00:08:37

2023/07/23 (14:42:52) | ===> btop++ v.1.2.13
2023/07/23 (14:42:52) | INFO: Logger set to INFO
2023/07/23 (14:42:52) | INFO: Running on /dev/ttys004
2023/07/23 (14:43:24) | INFO: Quitting! Runtime: 00:00:32

2023/07/27 (19:40:06) | ===> btop++ v.1.2.13
2023/07/27 (19:40:06) | INFO: Logger set to INFO
2023/07/27 (19:40:06) | INFO: Running on /dev/ttys010
2023/07/27 (19:40:52) | INFO: Quitting! Runtime: 00:00:46

2023/07/30 (01:08:00) | ===> btop++ v.1.2.13
2023/07/30 (01:08:00) | INFO: Logger set to INFO
2023/07/30 (01:08:00) | INFO: Running on /dev/ttys004
2023/07/30 (01:12:41) | INFO: Quitting! Runtime: 00:04:41

2023/07/31 (15:27:55) | ===> btop++ v.1.2.13
2023/07/31 (15:27:55) | INFO: Logger set to INFO
2023/07/31 (15:27:55) | INFO: Running on /dev/ttys000
2023/07/31 (15:28:00) | INFO: Quitting! Runtime: 00:00:05

2023/08/01 (00:40:56) | ===> btop++ v.1.2.13
2023/08/01 (00:40:56) | INFO: Logger set to INFO
2023/08/01 (00:40:56) | INFO: Running on /dev/ttys002
2023/08/01 (00:43:07) | INFO: Quitting! Runtime: 00:02:11

2023/08/01 (02:01:31) | ===> btop++ v.1.2.13
2023/08/01 (02:01:31) | INFO: Logger set to INFO
2023/08/01 (02:01:32) | INFO: Running on /dev/ttys003
2023/08/01 (02:15:11) | INFO: Quitting! Runtime: 00:13:40

2023/08/01 (02:15:47) | ===> btop++ v.1.2.13
2023/08/01 (02:15:47) | INFO: Logger set to INFO
2023/08/01 (02:15:47) | INFO: Running on /dev/ttys004
2023/08/01 (02:16:35) | INFO: Quitting! Runtime: 00:00:48

2023/08/02 (01:37:57) | ===> btop++ v.1.2.13
2023/08/02 (01:37:57) | INFO: Logger set to INFO
2023/08/02 (01:37:57) | INFO: Running on /dev/ttys000
2023/08/02 (01:40:57) | INFO: Quitting! Runtime: 00:03:00

2023/08/03 (00:04:38) | ===> btop++ v.1.2.13
2023/08/03 (00:04:38) | INFO: Logger set to INFO
2023/08/03 (00:04:38) | INFO: Running on /dev/ttys000
2023/08/03 (00:04:44) | INFO: Quitting! Runtime: 00:00:06

2023/08/03 (23:19:15) | ===> btop++ v.1.2.13
2023/08/03 (23:19:15) | INFO: Logger set to INFO
2023/08/03 (23:19:15) | INFO: Running on /dev/ttys000
2023/08/03 (23:19:21) | INFO: Quitting! Runtime: 00:00:06

2023/08/13 (13:12:34) | ===> btop++ v.1.2.13
2023/08/13 (13:12:34) | INFO: Logger set to INFO
2023/08/13 (13:12:34) | INFO: Running on /dev/ttys000
2023/08/13 (13:13:26) | INFO: Quitting! Runtime: 00:00:52

2023/08/15 (18:48:10) | ===> btop++ v.1.2.13
2023/08/15 (18:48:10) | INFO: Logger set to INFO
2023/08/15 (18:48:10) | INFO: Running on /dev/ttys008
2023/08/15 (18:49:24) | INFO: Quitting! Runtime: 00:01:14

2023/08/18 (01:46:39) | ===> btop++ v.1.2.13
2023/08/18 (01:46:39) | INFO: Logger set to INFO
2023/08/18 (01:46:39) | INFO: Running on /dev/ttys000
2023/08/18 (01:46:48) | INFO: Quitting! Runtime: 00:00:09

2023/08/25 (01:13:16) | ===> btop++ v.1.2.13
2023/08/25 (01:13:16) | INFO: Logger set to INFO
2023/08/25 (01:13:16) | INFO: Running on /dev/ttys000
2023/08/25 (01:14:28) | INFO: Quitting! Runtime: 00:01:12

2023/09/02 (21:34:20) | ===> btop++ v.1.2.13
2023/09/02 (21:34:20) | INFO: Logger set to INFO
2023/09/02 (21:34:20) | INFO: Running on /dev/ttys008
2023/09/02 (21:34:26) | INFO: Quitting! Runtime: 00:00:06

2023/09/02 (21:35:24) | ===> btop++ v.1.2.13
2023/09/02 (21:35:24) | INFO: Logger set to INFO
2023/09/02 (21:35:24) | INFO: Running on /dev/ttys008
2023/09/02 (21:35:59) | INFO: Quitting! Runtime: 00:00:35

2023/09/02 (23:44:24) | ===> btop++ v.1.2.13
2023/09/02 (23:44:24) | INFO: Logger set to INFO
2023/09/02 (23:44:24) | INFO: Running on /dev/ttys008
2023/09/02 (23:44:46) | INFO: Quitting! Runtime: 00:00:22

2023/09/03 (00:05:46) | ===> btop++ v.1.2.13
2023/09/03 (00:05:46) | INFO: Logger set to INFO
2023/09/03 (00:05:46) | INFO: Running on /dev/ttys008
2023/09/03 (00:06:15) | INFO: Quitting! Runtime: 00:00:29

2023/09/08 (21:02:44) | ===> btop++ v.1.2.13
2023/09/08 (21:02:44) | INFO: Logger set to INFO
2023/09/08 (21:02:44) | INFO: Running on /dev/ttys000
2023/09/08 (21:02:47) | INFO: Quitting! Runtime: 00:00:03

2023/09/08 (21:33:23) | ===> btop++ v.1.2.13
2023/09/08 (21:33:23) | INFO: Logger set to INFO
2023/09/08 (21:33:23) | INFO: Running on /dev/ttys000
2023/09/08 (21:33:45) | INFO: Quitting! Runtime: 00:00:22

2023/09/08 (21:33:47) | ===> btop++ v.1.2.13
2023/09/08 (21:33:47) | INFO: Logger set to INFO
2023/09/08 (21:33:47) | INFO: Running on /dev/ttys000
2023/09/08 (21:33:51) | INFO: Quitting! Runtime: 00:00:04

2023/09/26 (20:30:37) | ===> btop++ v.1.2.13
2023/09/26 (20:30:37) | INFO: Logger set to INFO
2023/09/26 (20:30:37) | INFO: Running on /dev/ttys000
2023/09/26 (20:30:38) | INFO: Quitting! Runtime: 00:00:01

2023/10/18 (10:01:22) | ===> btop++ v.1.2.13
2023/10/18 (10:01:22) | INFO: Logger set to INFO
2023/10/18 (10:01:22) | INFO: Running on /dev/ttys006
2023/10/18 (10:01:48) | INFO: Quitting! Runtime: 00:00:26

2023/10/23 (22:24:41) | ===> btop++ v.1.2.13
2023/10/23 (22:24:41) | INFO: Logger set to INFO
2023/10/23 (22:24:41) | INFO: Running on /dev/ttys009
2023/10/23 (22:24:52) | INFO: Quitting! Runtime: 00:00:11

2023/12/02 (21:05:57) | ===> btop++ v.1.2.13
2023/12/02 (21:05:57) | INFO: Logger set to INFO
2023/12/02 (21:05:57) | INFO: Running on /dev/ttys010
2023/12/02 (21:09:18) | INFO: Quitting! Runtime: 00:03:21

2023/12/03 (12:54:33) | ===> btop++ v.1.2.13
2023/12/03 (12:54:33) | INFO: Logger set to INFO
2023/12/03 (12:54:33) | INFO: Running on /dev/ttys010
2023/12/03 (13:01:18) | INFO: Quitting! Runtime: 00:06:45

2024/01/28 (23:37:22) | ===> btop++ v.1.2.13
2024/01/28 (23:37:22) | INFO: Logger set to INFO
2024/01/28 (23:37:22) | INFO: Running on /dev/ttys002
2024/01/28 (23:37:28) | INFO: Quitting! Runtime: 00:00:06

2024/01/28 (23:38:32) | ===> btop++ v.1.2.13
2024/01/28 (23:38:32) | INFO: Logger set to INFO
2024/01/28 (23:38:32) | INFO: Running on /dev/ttys002
2024/01/28 (23:38:33) | INFO: Quitting! Runtime: 00:00:01
